<?xml version="1.0" encoding="UTF-8"?>
<!-- Generated by org.testng.reporters.JUnitReportReporter -->
<testsuite hostname="Sawan" failures="0" tests="1" name="Sample.Demo2" time="0.010" errors="0" timestamp="2024-11-27T11:48:37 IST" skipped="0">
  <testcase classname="Sample.Demo2" name="Tc1" time="0.010"/>
  <system-out/>
</testsuite> <!-- Sample.Demo2 -->
