<?xml version="1.0" encoding="UTF-8"?>
<!-- Generated by org.testng.reporters.JUnitReportReporter -->
<testsuite hostname="Sawan" failures="0" tests="1" name="Sample.Demo" time="0.008" errors="0" timestamp="2024-11-27T11:15:24 IST" skipped="0">
  <testcase classname="Sample.Demo" name="tc" time="0.008"/>
  <system-out/>
</testsuite> <!-- Sample.Demo -->
